<?xml version="1.0" encoding="UTF-8"?>
<!-- Generated by org.testng.reporters.JUnitReportReporter -->
<testsuite skipped="0" hostname="DESKTOP-IQ6DGSE" name="cucumberOptions.TestNGTestRunner" tests="8" failures="0" timestamp="08 Apr 2022 15:02:49 GMT" time="1.127" errors="0">
  <testcase name="runScenario" time="0.083" classname="cucumberOptions.TestNGTestRunner"/>
  <testcase name="runScenario" time="0.559" classname="cucumberOptions.TestNGTestRunner"/>
  <testcase name="runScenario" time="0.106" classname="cucumberOptions.TestNGTestRunner"/>
  <testcase name="runScenario" time="0.049" classname="cucumberOptions.TestNGTestRunner"/>
  <testcase name="runScenario" time="0.118" classname="cucumberOptions.TestNGTestRunner"/>
  <testcase name="runScenario" time="0.056" classname="cucumberOptions.TestNGTestRunner"/>
  <testcase name="runScenario" time="0.091" classname="cucumberOptions.TestNGTestRunner"/>
  <testcase name="runScenario" time="0.065" classname="cucumberOptions.TestNGTestRunner"/>
</testsuite> <!-- cucumberOptions.TestNGTestRunner -->
