<?xml version="1.0" encoding="UTF-8"?>
<!-- Generated by org.testng.reporters.JUnitReportReporter -->
<testsuite skipped="0" hostname="DESKTOP-IQ6DGSE" name="cucumberOptions.TestNGTestRunnerForFramework" tests="1" failures="0" timestamp="08 Apr 2022 21:40:34 GMT" time="15.581" errors="0">
  <testcase name="runScenario" time="15.581" classname="cucumberOptions.TestNGTestRunnerForFramework"/>
</testsuite> <!-- cucumberOptions.TestNGTestRunnerForFramework -->
